 [32m*[0m abi_x86_32.x86: running multilib-minimal_abi_src_configure
 [32m*[0m Source directory (CMAKE_USE_DIR): "/var/tmp/portage/sys-libs/libomp-13.0.1/work/openmp"
 [32m*[0m Build directory  (BUILD_DIR):     "/var/tmp/portage/sys-libs/libomp-13.0.1/work/libomp-13.0.1_build-abi_x86_32.x86"
cmake -C /var/tmp/portage/sys-libs/libomp-13.0.1/work/libomp-13.0.1_build-abi_x86_32.x86/gentoo_common_config.cmake -G Ninja -DCMAKE_INSTALL_PREFIX=/usr -DOPENMP_LIBDIR_SUFFIX= -DLIBOMP_USE_HWLOC=no -DLIBOMP_OMPT_SUPPORT=no -DOPENMP_ENABLE_LIBOMPTARGET=no -DLIBOMP_INSTALL_ALIASES=OFF -DLIBOMP_COPY_EXPORTS=OFF -DCMAKE_BUILD_TYPE=RelWithDebInfo -DCMAKE_TOOLCHAIN_FILE=/var/tmp/portage/sys-libs/libomp-13.0.1/work/libomp-13.0.1_build-abi_x86_32.x86/gentoo_toolchain.cmake /var/tmp/portage/sys-libs/libomp-13.0.1/work/openmp
loading initial cache file /var/tmp/portage/sys-libs/libomp-13.0.1/work/libomp-13.0.1_build-abi_x86_32.x86/gentoo_common_config.cmake
-- The C compiler identification is Clang 13.0.0
-- The CXX compiler identification is Clang 13.0.0
-- Detecting C compiler ABI info
-- Detecting C compiler ABI info - done
-- Check for working C compiler: /usr/lib/llvm/13/bin/clang - skipped
-- Detecting C compile features
-- Detecting C compile features - done
-- Detecting CXX compiler ABI info
-- Detecting CXX compiler ABI info - done
-- Check for working CXX compiler: /usr/lib/llvm/13/bin/clang++ - skipped
-- Detecting CXX compile features
-- Detecting CXX compile features - done
-- Performing Test OPENMP_HAVE_WALL_FLAG
-- Performing Test OPENMP_HAVE_WALL_FLAG - Success
-- Performing Test OPENMP_HAVE_WERROR_FLAG
-- Performing Test OPENMP_HAVE_WERROR_FLAG - Success
-- Performing Test OPENMP_HAVE_WCAST_QUAL_FLAG
-- Performing Test OPENMP_HAVE_WCAST_QUAL_FLAG - Success
-- Performing Test OPENMP_HAVE_WFORMAT_PEDANTIC_FLAG
-- Performing Test OPENMP_HAVE_WFORMAT_PEDANTIC_FLAG - Success
-- Performing Test OPENMP_HAVE_WIMPLICIT_FALLTHROUGH_FLAG
-- Performing Test OPENMP_HAVE_WIMPLICIT_FALLTHROUGH_FLAG - Success
-- Performing Test OPENMP_HAVE_WSIGN_COMPARE_FLAG
-- Performing Test OPENMP_HAVE_WSIGN_COMPARE_FLAG - Success
-- Performing Test OPENMP_HAVE_WNO_EXTRA_FLAG
-- Performing Test OPENMP_HAVE_WNO_EXTRA_FLAG - Success
-- Performing Test OPENMP_HAVE_WNO_PEDANTIC_FLAG
-- Performing Test OPENMP_HAVE_WNO_PEDANTIC_FLAG - Success
-- Performing Test OPENMP_HAVE_WNO_MAYBE_UNINITIALIZED_FLAG
-- Performing Test OPENMP_HAVE_WNO_MAYBE_UNINITIALIZED_FLAG - Failed
-- Performing Test OPENMP_HAVE_STD_CPP14_FLAG
-- Performing Test OPENMP_HAVE_STD_CPP14_FLAG - Success
-- Found PythonInterp: /usr/bin/python (found version "3.9.11") 
-- Cannot find llvm-lit.
-- Please put llvm-lit in your PATH, set OPENMP_LLVM_LIT_EXECUTABLE to its full path, or point OPENMP_LLVM_TOOLS_DIR to its directory.
CMake Warning at cmake/OpenMPTesting.cmake:22 (message):
  The check targets will not be available!
Call Stack (most recent call first):
  cmake/OpenMPTesting.cmake:51 (find_standalone_test_dependencies)
  CMakeLists.txt:49 (include)


-- Performing Test LIBOMP_HAVE_FNO_EXCEPTIONS_FLAG
-- Performing Test LIBOMP_HAVE_FNO_EXCEPTIONS_FLAG - Success
-- Performing Test LIBOMP_HAVE_FNO_RTTI_FLAG
-- Performing Test LIBOMP_HAVE_FNO_RTTI_FLAG - Success
-- Performing Test LIBOMP_HAVE_WNO_CLASS_MEMACCESS_FLAG
-- Performing Test LIBOMP_HAVE_WNO_CLASS_MEMACCESS_FLAG - Failed
-- Performing Test LIBOMP_HAVE_WNO_COVERED_SWITCH_DEFAULT_FLAG
-- Performing Test LIBOMP_HAVE_WNO_COVERED_SWITCH_DEFAULT_FLAG - Success
-- Performing Test LIBOMP_HAVE_WNO_FRAME_ADDRESS_FLAG
-- Performing Test LIBOMP_HAVE_WNO_FRAME_ADDRESS_FLAG - Success
-- Performing Test LIBOMP_HAVE_WNO_STRICT_ALIASING_FLAG
-- Performing Test LIBOMP_HAVE_WNO_STRICT_ALIASING_FLAG - Success
-- Performing Test LIBOMP_HAVE_WSTRINGOP_OVERFLOW_FLAG
-- Performing Test LIBOMP_HAVE_WSTRINGOP_OVERFLOW_FLAG - Failed
-- Performing Test LIBOMP_HAVE_WNO_STRINGOP_TRUNCATION_FLAG
-- Performing Test LIBOMP_HAVE_WNO_STRINGOP_TRUNCATION_FLAG - Failed
-- Performing Test LIBOMP_HAVE_WNO_SWITCH_FLAG
-- Performing Test LIBOMP_HAVE_WNO_SWITCH_FLAG - Success
-- Performing Test LIBOMP_HAVE_WNO_UNINITIALIZED_FLAG
-- Performing Test LIBOMP_HAVE_WNO_UNINITIALIZED_FLAG - Success
-- Performing Test LIBOMP_HAVE_WNO_UNUSED_BUT_SET_VARIABLE_FLAG
-- Performing Test LIBOMP_HAVE_WNO_UNUSED_BUT_SET_VARIABLE_FLAG - Success
-- Performing Test LIBOMP_HAVE_WNO_RETURN_TYPE_C_LINKAGE_FLAG
-- Performing Test LIBOMP_HAVE_WNO_RETURN_TYPE_C_LINKAGE_FLAG - Success
-- Performing Test LIBOMP_HAVE_WNO_CAST_QUAL_FLAG
-- Performing Test LIBOMP_HAVE_WNO_CAST_QUAL_FLAG - Success
-- Performing Test LIBOMP_HAVE_WNO_INT_TO_VOID_POINTER_CAST_FLAG
-- Performing Test LIBOMP_HAVE_WNO_INT_TO_VOID_POINTER_CAST_FLAG - Success
-- Performing Test LIBOMP_HAVE_MSSE2_FLAG
-- Performing Test LIBOMP_HAVE_MSSE2_FLAG - Success
-- Performing Test LIBOMP_HAVE_FTLS_MODEL_FLAG
-- Performing Test LIBOMP_HAVE_FTLS_MODEL_FLAG - Success
-- Performing Test LIBOMP_HAVE_MMIC_FLAG
-- Performing Test LIBOMP_HAVE_MMIC_FLAG - Failed
-- Performing Test LIBOMP_HAVE_M32_FLAG
-- Performing Test LIBOMP_HAVE_M32_FLAG - Success
-- Looking for shm_open
-- Looking for shm_open - found
-- Performing Test LIBOMP_HAVE_X_FLAG
-- Performing Test LIBOMP_HAVE_X_FLAG - Success
-- Performing Test LIBOMP_HAVE_WARN_SHARED_TEXTREL_FLAG
-- Performing Test LIBOMP_HAVE_WARN_SHARED_TEXTREL_FLAG - Success
-- Performing Test LIBOMP_HAVE_AS_NEEDED_FLAG
-- Performing Test LIBOMP_HAVE_AS_NEEDED_FLAG - Success
-- Performing Test LIBOMP_HAVE_VERSION_SCRIPT_FLAG
-- Performing Test LIBOMP_HAVE_VERSION_SCRIPT_FLAG - Success
-- Performing Test LIBOMP_HAVE_STATIC_LIBGCC_FLAG
-- Performing Test LIBOMP_HAVE_STATIC_LIBGCC_FLAG - Success
-- Performing Test LIBOMP_HAVE_Z_NOEXECSTACK_FLAG
-- Performing Test LIBOMP_HAVE_Z_NOEXECSTACK_FLAG - Success
-- Looking for pthread.h
-- Looking for pthread.h - found
-- Performing Test CMAKE_HAVE_LIBC_PTHREAD
-- Performing Test CMAKE_HAVE_LIBC_PTHREAD - Success
-- Found Threads: TRUE  
-- Looking for immintrin.h
-- Looking for immintrin.h - found
-- Performing Test LIBOMP_HAVE_ATTRIBUTE_RTM
-- Performing Test LIBOMP_HAVE_ATTRIBUTE_RTM - Success
-- Performing Test LIBOMP_HAVE_ATTRIBUTE_WAITPKG
-- Performing Test LIBOMP_HAVE_ATTRIBUTE_WAITPKG - Success
-- Performing Test LIBOMP_HAVE_WAITPKG_INTRINSICS
-- Performing Test LIBOMP_HAVE_WAITPKG_INTRINSICS - Success
-- Performing Test LIBOMP_HAVE_RTM_INTRINSICS
-- Performing Test LIBOMP_HAVE_RTM_INTRINSICS - Success
-- Found Perl: /usr/bin/perl (found version "5.34.0") 
-- Performing Test LIBOMP_HAVE_VERSION_SYMBOLS
-- Performing Test LIBOMP_HAVE_VERSION_SYMBOLS - Success
-- Performing Test LIBOMP_HAVE___BUILTIN_FRAME_ADDRESS
-- Performing Test LIBOMP_HAVE___BUILTIN_FRAME_ADDRESS - Success
-- Performing Test LIBOMP_HAVE_WEAK_ATTRIBUTE
-- Performing Test LIBOMP_HAVE_WEAK_ATTRIBUTE - Success
-- Performing Test LIBOMP_HAVE_PSAPI
-- Performing Test LIBOMP_HAVE_PSAPI - Failed
CMake Warning at runtime/cmake/LibompUtils.cmake:20 (message):
  LIBOMP: OpenMP Debug Interface(OMPD) requested but not available in this
  implementation
Call Stack (most recent call first):
  runtime/CMakeLists.txt:336 (libomp_warning_say)


-- LIBOMP: Operating System     -- Linux
-- LIBOMP: Target Architecture  -- i386
-- LIBOMP: Build Type           -- RelWithDebInfo
-- LIBOMP: Library Kind         -- SHARED
-- LIBOMP: Library Type         -- normal
-- LIBOMP: Fortran Modules      -- FALSE
-- LIBOMP: Build                -- 20140926
-- LIBOMP: Use Stats-gathering  -- FALSE
-- LIBOMP: Use Debugger-support -- FALSE
-- LIBOMP: Use ITT notify       -- TRUE
-- LIBOMP: Use OMPT-support     -- no
-- LIBOMP: Use OMPD-support     -- FALSE
-- LIBOMP: Use Adaptive locks   -- TRUE
-- LIBOMP: Use quad precision   -- FALSE
-- LIBOMP: Use Hwloc library    -- no
-- Looking for sqrt in m
-- Looking for sqrt in m - found
-- Looking for __atomic_load_1
-- Looking for __atomic_load_1 - not found
-- Looking for __atomic_load_1 in atomic
-- Looking for __atomic_load_1 in atomic - found
-- check-libomp does nothing.
-- check-ompt does nothing.
-- check-openmp does nothing.
-- <<< Gentoo configuration >>>
Build type      RelWithDebInfo
Install path    /usr
Compiler flags:
C               -march=native -mtune=native -O2 -pipe -flto=thin -Wall -Wcast-qual -Wformat-pedantic -Wimplicit-fallthrough -Wsign-compare -Wno-extra -Wno-pedantic
C++             -march=native -mtune=native -O2 -pipe -flto=thin -Wall -Wcast-qual -Wformat-pedantic -Wimplicit-fallthrough -Wsign-compare -Wno-extra -Wno-pedantic -std=c++14
Linker flags:
Executable      -fuse-ld=lld -rtlib=compiler-rt -unwindlib=libunwind -Wl,-O2 -Wl,--as-needed -Wl,-z,relro,-z,now
Module          -fuse-ld=lld -rtlib=compiler-rt -unwindlib=libunwind -Wl,-O2 -Wl,--as-needed -Wl,-z,relro,-z,now
Shared          -fuse-ld=lld -rtlib=compiler-rt -unwindlib=libunwind -Wl,-O2 -Wl,--as-needed -Wl,-z,relro,-z,now

-- Configuring done
-- Generating done
-- Build files have been written to: /var/tmp/portage/sys-libs/libomp-13.0.1/work/libomp-13.0.1_build-abi_x86_32.x86
 [32m*[0m abi_x86_32.x86: running multilib-minimal_abi_src_compile
 [32m*[0m Source directory (CMAKE_USE_DIR): "/var/tmp/portage/sys-libs/libomp-13.0.1/work/openmp"
 [32m*[0m Build directory  (BUILD_DIR):     "/var/tmp/portage/sys-libs/libomp-13.0.1/work/libomp-13.0.1_build-abi_x86_32.x86"
ninja -v -j4 -l0
[1/34] cd /var/tmp/portage/sys-libs/libomp-13.0.1/work/libomp-13.0.1_build-abi_x86_32.x86/runtime/src && /usr/bin/perl /var/tmp/portage/sys-libs/libomp-13.0.1/work/openmp/runtime/tools/message-converter.pl --os=lin --prefix=kmp_i18n --default=kmp_i18n_default.inc /var/tmp/portage/sys-libs/libomp-13.0.1/work/openmp/runtime/src/i18n/en_US.txt
[2/34] cd /var/tmp/portage/sys-libs/libomp-13.0.1/work/libomp-13.0.1_build-abi_x86_32.x86/runtime/src && /usr/bin/perl /var/tmp/portage/sys-libs/libomp-13.0.1/work/openmp/runtime/tools/message-converter.pl --os=lin --prefix=kmp_i18n --enum=kmp_i18n_id.inc /var/tmp/portage/sys-libs/libomp-13.0.1/work/openmp/runtime/src/i18n/en_US.txt
[3/34] /usr/lib/llvm/13/bin/clang++ -m32 -Domp_EXPORTS -I/var/tmp/portage/sys-libs/libomp-13.0.1/work/libomp-13.0.1_build-abi_x86_32.x86/runtime/src -I/var/tmp/portage/sys-libs/libomp-13.0.1/work/openmp/runtime/src -I/var/tmp/portage/sys-libs/libomp-13.0.1/work/openmp/runtime/src/i18n -I/var/tmp/portage/sys-libs/libomp-13.0.1/work/openmp/runtime/src/include -I/var/tmp/portage/sys-libs/libomp-13.0.1/work/openmp/runtime/src/thirdparty/ittnotify  -DNDEBUG -march=native -mtune=native -O2 -pipe -flto=thin -Wall -Wcast-qual -Wformat-pedantic -Wimplicit-fallthrough -Wsign-compare -Wno-extra -Wno-pedantic -std=c++14 -fPIC   -D _GNU_SOURCE -D _REENTRANT  -DNDEBUG -fno-exceptions -fno-rtti -Wno-covered-switch-default -Wno-frame-address -Wno-strict-aliasing -Wno-switch -Wno-uninitialized -Wno-unused-but-set-variable -Wno-return-type-c-linkage -Wno-cast-qual -Wno-int-to-void-pointer-cast -msse2 -MD -MT runtime/src/CMakeFiles/omp.dir/kmp_debug.cpp.o -MF runtime/src/CMakeFiles/omp.dir/kmp_debug.cpp.o.d -o runtime/src/CMakeFiles/omp.dir/kmp_debug.cpp.o -c /var/tmp/portage/sys-libs/libomp-13.0.1/work/openmp/runtime/src/kmp_debug.cpp
[4/34] /usr/lib/llvm/13/bin/clang++ -m32 -Domp_EXPORTS -I/var/tmp/portage/sys-libs/libomp-13.0.1/work/libomp-13.0.1_build-abi_x86_32.x86/runtime/src -I/var/tmp/portage/sys-libs/libomp-13.0.1/work/openmp/runtime/src -I/var/tmp/portage/sys-libs/libomp-13.0.1/work/openmp/runtime/src/i18n -I/var/tmp/portage/sys-libs/libomp-13.0.1/work/openmp/runtime/src/include -I/var/tmp/portage/sys-libs/libomp-13.0.1/work/openmp/runtime/src/thirdparty/ittnotify  -DNDEBUG -march=native -mtune=native -O2 -pipe -flto=thin -Wall -Wcast-qual -Wformat-pedantic -Wimplicit-fallthrough -Wsign-compare -Wno-extra -Wno-pedantic -std=c++14 -fPIC   -D _GNU_SOURCE -D _REENTRANT  -DNDEBUG -fno-exceptions -fno-rtti -Wno-covered-switch-default -Wno-frame-address -Wno-strict-aliasing -Wno-switch -Wno-uninitialized -Wno-unused-but-set-variable -Wno-return-type-c-linkage -Wno-cast-qual -Wno-int-to-void-pointer-cast -msse2 -MD -MT runtime/src/CMakeFiles/omp.dir/kmp_alloc.cpp.o -MF runtime/src/CMakeFiles/omp.dir/kmp_alloc.cpp.o.d -o runtime/src/CMakeFiles/omp.dir/kmp_alloc.cpp.o -c /var/tmp/portage/sys-libs/libomp-13.0.1/work/openmp/runtime/src/kmp_alloc.cpp
[5/34] /usr/lib/llvm/13/bin/clang++ -m32 -Domp_EXPORTS -I/var/tmp/portage/sys-libs/libomp-13.0.1/work/libomp-13.0.1_build-abi_x86_32.x86/runtime/src -I/var/tmp/portage/sys-libs/libomp-13.0.1/work/openmp/runtime/src -I/var/tmp/portage/sys-libs/libomp-13.0.1/work/openmp/runtime/src/i18n -I/var/tmp/portage/sys-libs/libomp-13.0.1/work/openmp/runtime/src/include -I/var/tmp/portage/sys-libs/libomp-13.0.1/work/openmp/runtime/src/thirdparty/ittnotify  -DNDEBUG -march=native -mtune=native -O2 -pipe -flto=thin -Wall -Wcast-qual -Wformat-pedantic -Wimplicit-fallthrough -Wsign-compare -Wno-extra -Wno-pedantic -std=c++14 -fPIC   -D _GNU_SOURCE -D _REENTRANT  -DNDEBUG -fno-exceptions -fno-rtti -Wno-covered-switch-default -Wno-frame-address -Wno-strict-aliasing -Wno-switch -Wno-uninitialized -Wno-unused-but-set-variable -Wno-return-type-c-linkage -Wno-cast-qual -Wno-int-to-void-pointer-cast -msse2 -MD -MT runtime/src/CMakeFiles/omp.dir/kmp_csupport.cpp.o -MF runtime/src/CMakeFiles/omp.dir/kmp_csupport.cpp.o.d -o runtime/src/CMakeFiles/omp.dir/kmp_csupport.cpp.o -c /var/tmp/portage/sys-libs/libomp-13.0.1/work/openmp/runtime/src/kmp_csupport.cpp
[6/34] /usr/lib/llvm/13/bin/clang++ -m32 -Domp_EXPORTS -I/var/tmp/portage/sys-libs/libomp-13.0.1/work/libomp-13.0.1_build-abi_x86_32.x86/runtime/src -I/var/tmp/portage/sys-libs/libomp-13.0.1/work/openmp/runtime/src -I/var/tmp/portage/sys-libs/libomp-13.0.1/work/openmp/runtime/src/i18n -I/var/tmp/portage/sys-libs/libomp-13.0.1/work/openmp/runtime/src/include -I/var/tmp/portage/sys-libs/libomp-13.0.1/work/openmp/runtime/src/thirdparty/ittnotify  -DNDEBUG -march=native -mtune=native -O2 -pipe -flto=thin -Wall -Wcast-qual -Wformat-pedantic -Wimplicit-fallthrough -Wsign-compare -Wno-extra -Wno-pedantic -std=c++14 -fPIC   -D _GNU_SOURCE -D _REENTRANT  -DNDEBUG -fno-exceptions -fno-rtti -Wno-covered-switch-default -Wno-frame-address -Wno-strict-aliasing -Wno-switch -Wno-uninitialized -Wno-unused-but-set-variable -Wno-return-type-c-linkage -Wno-cast-qual -Wno-int-to-void-pointer-cast -msse2 -MD -MT runtime/src/CMakeFiles/omp.dir/kmp_atomic.cpp.o -MF runtime/src/CMakeFiles/omp.dir/kmp_atomic.cpp.o.d -o runtime/src/CMakeFiles/omp.dir/kmp_atomic.cpp.o -c /var/tmp/portage/sys-libs/libomp-13.0.1/work/openmp/runtime/src/kmp_atomic.cpp
[7/34] /usr/lib/llvm/13/bin/clang++ -m32 -Domp_EXPORTS -I/var/tmp/portage/sys-libs/libomp-13.0.1/work/libomp-13.0.1_build-abi_x86_32.x86/runtime/src -I/var/tmp/portage/sys-libs/libomp-13.0.1/work/openmp/runtime/src -I/var/tmp/portage/sys-libs/libomp-13.0.1/work/openmp/runtime/src/i18n -I/var/tmp/portage/sys-libs/libomp-13.0.1/work/openmp/runtime/src/include -I/var/tmp/portage/sys-libs/libomp-13.0.1/work/openmp/runtime/src/thirdparty/ittnotify  -DNDEBUG -march=native -mtune=native -O2 -pipe -flto=thin -Wall -Wcast-qual -Wformat-pedantic -Wimplicit-fallthrough -Wsign-compare -Wno-extra -Wno-pedantic -std=c++14 -fPIC   -D _GNU_SOURCE -D _REENTRANT  -DNDEBUG -fno-exceptions -fno-rtti -Wno-covered-switch-default -Wno-frame-address -Wno-strict-aliasing -Wno-switch -Wno-uninitialized -Wno-unused-but-set-variable -Wno-return-type-c-linkage -Wno-cast-qual -Wno-int-to-void-pointer-cast -msse2 -MD -MT runtime/src/CMakeFiles/omp.dir/kmp_itt.cpp.o -MF runtime/src/CMakeFiles/omp.dir/kmp_itt.cpp.o.d -o runtime/src/CMakeFiles/omp.dir/kmp_itt.cpp.o -c /var/tmp/portage/sys-libs/libomp-13.0.1/work/openmp/runtime/src/kmp_itt.cpp
[8/34] /usr/lib/llvm/13/bin/clang++ -m32 -Domp_EXPORTS -I/var/tmp/portage/sys-libs/libomp-13.0.1/work/libomp-13.0.1_build-abi_x86_32.x86/runtime/src -I/var/tmp/portage/sys-libs/libomp-13.0.1/work/openmp/runtime/src -I/var/tmp/portage/sys-libs/libomp-13.0.1/work/openmp/runtime/src/i18n -I/var/tmp/portage/sys-libs/libomp-13.0.1/work/openmp/runtime/src/include -I/var/tmp/portage/sys-libs/libomp-13.0.1/work/openmp/runtime/src/thirdparty/ittnotify  -DNDEBUG -march=native -mtune=native -O2 -pipe -flto=thin -Wall -Wcast-qual -Wformat-pedantic -Wimplicit-fallthrough -Wsign-compare -Wno-extra -Wno-pedantic -std=c++14 -fPIC   -D _GNU_SOURCE -D _REENTRANT  -DNDEBUG -fno-exceptions -fno-rtti -Wno-covered-switch-default -Wno-frame-address -Wno-strict-aliasing -Wno-switch -Wno-uninitialized -Wno-unused-but-set-variable -Wno-return-type-c-linkage -Wno-cast-qual -Wno-int-to-void-pointer-cast -msse2 -MD -MT runtime/src/CMakeFiles/omp.dir/kmp_environment.cpp.o -MF runtime/src/CMakeFiles/omp.dir/kmp_environment.cpp.o.d -o runtime/src/CMakeFiles/omp.dir/kmp_environment.cpp.o -c /var/tmp/portage/sys-libs/libomp-13.0.1/work/openmp/runtime/src/kmp_environment.cpp
[9/34] /usr/lib/llvm/13/bin/clang++ -m32 -Domp_EXPORTS -I/var/tmp/portage/sys-libs/libomp-13.0.1/work/libomp-13.0.1_build-abi_x86_32.x86/runtime/src -I/var/tmp/portage/sys-libs/libomp-13.0.1/work/openmp/runtime/src -I/var/tmp/portage/sys-libs/libomp-13.0.1/work/openmp/runtime/src/i18n -I/var/tmp/portage/sys-libs/libomp-13.0.1/work/openmp/runtime/src/include -I/var/tmp/portage/sys-libs/libomp-13.0.1/work/openmp/runtime/src/thirdparty/ittnotify  -DNDEBUG -march=native -mtune=native -O2 -pipe -flto=thin -Wall -Wcast-qual -Wformat-pedantic -Wimplicit-fallthrough -Wsign-compare -Wno-extra -Wno-pedantic -std=c++14 -fPIC   -D _GNU_SOURCE -D _REENTRANT  -DNDEBUG -fno-exceptions -fno-rtti -Wno-covered-switch-default -Wno-frame-address -Wno-strict-aliasing -Wno-switch -Wno-uninitialized -Wno-unused-but-set-variable -Wno-return-type-c-linkage -Wno-cast-qual -Wno-int-to-void-pointer-cast -msse2 -MD -MT runtime/src/CMakeFiles/omp.dir/kmp_error.cpp.o -MF runtime/src/CMakeFiles/omp.dir/kmp_error.cpp.o.d -o runtime/src/CMakeFiles/omp.dir/kmp_error.cpp.o -c /var/tmp/portage/sys-libs/libomp-13.0.1/work/openmp/runtime/src/kmp_error.cpp
[10/34] /usr/lib/llvm/13/bin/clang++ -m32 -Domp_EXPORTS -I/var/tmp/portage/sys-libs/libomp-13.0.1/work/libomp-13.0.1_build-abi_x86_32.x86/runtime/src -I/var/tmp/portage/sys-libs/libomp-13.0.1/work/openmp/runtime/src -I/var/tmp/portage/sys-libs/libomp-13.0.1/work/openmp/runtime/src/i18n -I/var/tmp/portage/sys-libs/libomp-13.0.1/work/openmp/runtime/src/include -I/var/tmp/portage/sys-libs/libomp-13.0.1/work/openmp/runtime/src/thirdparty/ittnotify  -DNDEBUG -march=native -mtune=native -O2 -pipe -flto=thin -Wall -Wcast-qual -Wformat-pedantic -Wimplicit-fallthrough -Wsign-compare -Wno-extra -Wno-pedantic -std=c++14 -fPIC   -D _GNU_SOURCE -D _REENTRANT  -DNDEBUG -fno-exceptions -fno-rtti -Wno-covered-switch-default -Wno-frame-address -Wno-strict-aliasing -Wno-switch -Wno-uninitialized -Wno-unused-but-set-variable -Wno-return-type-c-linkage -Wno-cast-qual -Wno-int-to-void-pointer-cast -msse2 -MD -MT runtime/src/CMakeFiles/omp.dir/kmp_i18n.cpp.o -MF runtime/src/CMakeFiles/omp.dir/kmp_i18n.cpp.o.d -o runtime/src/CMakeFiles/omp.dir/kmp_i18n.cpp.o -c /var/tmp/portage/sys-libs/libomp-13.0.1/work/openmp/runtime/src/kmp_i18n.cpp
[11/34] /usr/lib/llvm/13/bin/clang++ -m32 -Domp_EXPORTS -I/var/tmp/portage/sys-libs/libomp-13.0.1/work/libomp-13.0.1_build-abi_x86_32.x86/runtime/src -I/var/tmp/portage/sys-libs/libomp-13.0.1/work/openmp/runtime/src -I/var/tmp/portage/sys-libs/libomp-13.0.1/work/openmp/runtime/src/i18n -I/var/tmp/portage/sys-libs/libomp-13.0.1/work/openmp/runtime/src/include -I/var/tmp/portage/sys-libs/libomp-13.0.1/work/openmp/runtime/src/thirdparty/ittnotify  -DNDEBUG -march=native -mtune=native -O2 -pipe -flto=thin -Wall -Wcast-qual -Wformat-pedantic -Wimplicit-fallthrough -Wsign-compare -Wno-extra -Wno-pedantic -std=c++14 -fPIC   -D _GNU_SOURCE -D _REENTRANT  -DNDEBUG -fno-exceptions -fno-rtti -Wno-covered-switch-default -Wno-frame-address -Wno-strict-aliasing -Wno-switch -Wno-uninitialized -Wno-unused-but-set-variable -Wno-return-type-c-linkage -Wno-cast-qual -Wno-int-to-void-pointer-cast -msse2 -MD -MT runtime/src/CMakeFiles/omp.dir/kmp_global.cpp.o -MF runtime/src/CMakeFiles/omp.dir/kmp_global.cpp.o.d -o runtime/src/CMakeFiles/omp.dir/kmp_global.cpp.o -c /var/tmp/portage/sys-libs/libomp-13.0.1/work/openmp/runtime/src/kmp_global.cpp
[12/34] /usr/lib/llvm/13/bin/clang++ -m32 -Domp_EXPORTS -I/var/tmp/portage/sys-libs/libomp-13.0.1/work/libomp-13.0.1_build-abi_x86_32.x86/runtime/src -I/var/tmp/portage/sys-libs/libomp-13.0.1/work/openmp/runtime/src -I/var/tmp/portage/sys-libs/libomp-13.0.1/work/openmp/runtime/src/i18n -I/var/tmp/portage/sys-libs/libomp-13.0.1/work/openmp/runtime/src/include -I/var/tmp/portage/sys-libs/libomp-13.0.1/work/openmp/runtime/src/thirdparty/ittnotify  -DNDEBUG -march=native -mtune=native -O2 -pipe -flto=thin -Wall -Wcast-qual -Wformat-pedantic -Wimplicit-fallthrough -Wsign-compare -Wno-extra -Wno-pedantic -std=c++14 -fPIC   -D _GNU_SOURCE -D _REENTRANT  -DNDEBUG -fno-exceptions -fno-rtti -Wno-covered-switch-default -Wno-frame-address -Wno-strict-aliasing -Wno-switch -Wno-uninitialized -Wno-unused-but-set-variable -Wno-return-type-c-linkage -Wno-cast-qual -Wno-int-to-void-pointer-cast -msse2 -MD -MT runtime/src/CMakeFiles/omp.dir/kmp_io.cpp.o -MF runtime/src/CMakeFiles/omp.dir/kmp_io.cpp.o.d -o runtime/src/CMakeFiles/omp.dir/kmp_io.cpp.o -c /var/tmp/portage/sys-libs/libomp-13.0.1/work/openmp/runtime/src/kmp_io.cpp
[13/34] /usr/lib/llvm/13/bin/clang++ -m32 -Domp_EXPORTS -I/var/tmp/portage/sys-libs/libomp-13.0.1/work/libomp-13.0.1_build-abi_x86_32.x86/runtime/src -I/var/tmp/portage/sys-libs/libomp-13.0.1/work/openmp/runtime/src -I/var/tmp/portage/sys-libs/libomp-13.0.1/work/openmp/runtime/src/i18n -I/var/tmp/portage/sys-libs/libomp-13.0.1/work/openmp/runtime/src/include -I/var/tmp/portage/sys-libs/libomp-13.0.1/work/openmp/runtime/src/thirdparty/ittnotify  -DNDEBUG -march=native -mtune=native -O2 -pipe -flto=thin -Wall -Wcast-qual -Wformat-pedantic -Wimplicit-fallthrough -Wsign-compare -Wno-extra -Wno-pedantic -std=c++14 -fPIC   -D _GNU_SOURCE -D _REENTRANT  -DNDEBUG -fno-exceptions -fno-rtti -Wno-covered-switch-default -Wno-frame-address -Wno-strict-aliasing -Wno-switch -Wno-uninitialized -Wno-unused-but-set-variable -Wno-return-type-c-linkage -Wno-cast-qual -Wno-int-to-void-pointer-cast -msse2 -MD -MT runtime/src/CMakeFiles/omp.dir/kmp_str.cpp.o -MF runtime/src/CMakeFiles/omp.dir/kmp_str.cpp.o.d -o runtime/src/CMakeFiles/omp.dir/kmp_str.cpp.o -c /var/tmp/portage/sys-libs/libomp-13.0.1/work/openmp/runtime/src/kmp_str.cpp
[14/34] /usr/lib/llvm/13/bin/clang++ -m32 -Domp_EXPORTS -I/var/tmp/portage/sys-libs/libomp-13.0.1/work/libomp-13.0.1_build-abi_x86_32.x86/runtime/src -I/var/tmp/portage/sys-libs/libomp-13.0.1/work/openmp/runtime/src -I/var/tmp/portage/sys-libs/libomp-13.0.1/work/openmp/runtime/src/i18n -I/var/tmp/portage/sys-libs/libomp-13.0.1/work/openmp/runtime/src/include -I/var/tmp/portage/sys-libs/libomp-13.0.1/work/openmp/runtime/src/thirdparty/ittnotify  -DNDEBUG -march=native -mtune=native -O2 -pipe -flto=thin -Wall -Wcast-qual -Wformat-pedantic -Wimplicit-fallthrough -Wsign-compare -Wno-extra -Wno-pedantic -std=c++14 -fPIC   -D _GNU_SOURCE -D _REENTRANT  -DNDEBUG -fno-exceptions -fno-rtti -Wno-covered-switch-default -Wno-frame-address -Wno-strict-aliasing -Wno-switch -Wno-uninitialized -Wno-unused-but-set-variable -Wno-return-type-c-linkage -Wno-cast-qual -Wno-int-to-void-pointer-cast -msse2 -MD -MT runtime/src/CMakeFiles/omp.dir/kmp_tasking.cpp.o -MF runtime/src/CMakeFiles/omp.dir/kmp_tasking.cpp.o.d -o runtime/src/CMakeFiles/omp.dir/kmp_tasking.cpp.o -c /var/tmp/portage/sys-libs/libomp-13.0.1/work/openmp/runtime/src/kmp_tasking.cpp
[15/34] /usr/lib/llvm/13/bin/clang++ -m32 -Domp_EXPORTS -I/var/tmp/portage/sys-libs/libomp-13.0.1/work/libomp-13.0.1_build-abi_x86_32.x86/runtime/src -I/var/tmp/portage/sys-libs/libomp-13.0.1/work/openmp/runtime/src -I/var/tmp/portage/sys-libs/libomp-13.0.1/work/openmp/runtime/src/i18n -I/var/tmp/portage/sys-libs/libomp-13.0.1/work/openmp/runtime/src/include -I/var/tmp/portage/sys-libs/libomp-13.0.1/work/openmp/runtime/src/thirdparty/ittnotify  -DNDEBUG -march=native -mtune=native -O2 -pipe -flto=thin -Wall -Wcast-qual -Wformat-pedantic -Wimplicit-fallthrough -Wsign-compare -Wno-extra -Wno-pedantic -std=c++14 -fPIC   -D _GNU_SOURCE -D _REENTRANT  -DNDEBUG -fno-exceptions -fno-rtti -Wno-covered-switch-default -Wno-frame-address -Wno-strict-aliasing -Wno-switch -Wno-uninitialized -Wno-unused-but-set-variable -Wno-return-type-c-linkage -Wno-cast-qual -Wno-int-to-void-pointer-cast -msse2 -MD -MT runtime/src/CMakeFiles/omp.dir/kmp_runtime.cpp.o -MF runtime/src/CMakeFiles/omp.dir/kmp_runtime.cpp.o.d -o runtime/src/CMakeFiles/omp.dir/kmp_runtime.cpp.o -c /var/tmp/portage/sys-libs/libomp-13.0.1/work/openmp/runtime/src/kmp_runtime.cpp
[16/34] /usr/lib/llvm/13/bin/clang++ -m32 -Domp_EXPORTS -I/var/tmp/portage/sys-libs/libomp-13.0.1/work/libomp-13.0.1_build-abi_x86_32.x86/runtime/src -I/var/tmp/portage/sys-libs/libomp-13.0.1/work/openmp/runtime/src -I/var/tmp/portage/sys-libs/libomp-13.0.1/work/openmp/runtime/src/i18n -I/var/tmp/portage/sys-libs/libomp-13.0.1/work/openmp/runtime/src/include -I/var/tmp/portage/sys-libs/libomp-13.0.1/work/openmp/runtime/src/thirdparty/ittnotify  -DNDEBUG -march=native -mtune=native -O2 -pipe -flto=thin -Wall -Wcast-qual -Wformat-pedantic -Wimplicit-fallthrough -Wsign-compare -Wno-extra -Wno-pedantic -std=c++14 -fPIC   -D _GNU_SOURCE -D _REENTRANT  -DNDEBUG -fno-exceptions -fno-rtti -Wno-covered-switch-default -Wno-frame-address -Wno-strict-aliasing -Wno-switch -Wno-uninitialized -Wno-unused-but-set-variable -Wno-return-type-c-linkage -Wno-cast-qual -Wno-int-to-void-pointer-cast -msse2 -MD -MT runtime/src/CMakeFiles/omp.dir/kmp_threadprivate.cpp.o -MF runtime/src/CMakeFiles/omp.dir/kmp_threadprivate.cpp.o.d -o runtime/src/CMakeFiles/omp.dir/kmp_threadprivate.cpp.o -c /var/tmp/portage/sys-libs/libomp-13.0.1/work/openmp/runtime/src/kmp_threadprivate.cpp
[17/34] /usr/lib/llvm/13/bin/clang++ -m32 -Domp_EXPORTS -I/var/tmp/portage/sys-libs/libomp-13.0.1/work/libomp-13.0.1_build-abi_x86_32.x86/runtime/src -I/var/tmp/portage/sys-libs/libomp-13.0.1/work/openmp/runtime/src -I/var/tmp/portage/sys-libs/libomp-13.0.1/work/openmp/runtime/src/i18n -I/var/tmp/portage/sys-libs/libomp-13.0.1/work/openmp/runtime/src/include -I/var/tmp/portage/sys-libs/libomp-13.0.1/work/openmp/runtime/src/thirdparty/ittnotify  -DNDEBUG -march=native -mtune=native -O2 -pipe -flto=thin -Wall -Wcast-qual -Wformat-pedantic -Wimplicit-fallthrough -Wsign-compare -Wno-extra -Wno-pedantic -std=c++14 -fPIC   -D _GNU_SOURCE -D _REENTRANT  -DNDEBUG -fno-exceptions -fno-rtti -Wno-covered-switch-default -Wno-frame-address -Wno-strict-aliasing -Wno-switch -Wno-uninitialized -Wno-unused-but-set-variable -Wno-return-type-c-linkage -Wno-cast-qual -Wno-int-to-void-pointer-cast -msse2 -MD -MT runtime/src/CMakeFiles/omp.dir/kmp_utility.cpp.o -MF runtime/src/CMakeFiles/omp.dir/kmp_utility.cpp.o.d -o runtime/src/CMakeFiles/omp.dir/kmp_utility.cpp.o -c /var/tmp/portage/sys-libs/libomp-13.0.1/work/openmp/runtime/src/kmp_utility.cpp
[18/34] /usr/lib/llvm/13/bin/clang++ -m32 -Domp_EXPORTS -I/var/tmp/portage/sys-libs/libomp-13.0.1/work/libomp-13.0.1_build-abi_x86_32.x86/runtime/src -I/var/tmp/portage/sys-libs/libomp-13.0.1/work/openmp/runtime/src -I/var/tmp/portage/sys-libs/libomp-13.0.1/work/openmp/runtime/src/i18n -I/var/tmp/portage/sys-libs/libomp-13.0.1/work/openmp/runtime/src/include -I/var/tmp/portage/sys-libs/libomp-13.0.1/work/openmp/runtime/src/thirdparty/ittnotify  -DNDEBUG -march=native -mtune=native -O2 -pipe -flto=thin -Wall -Wcast-qual -Wformat-pedantic -Wimplicit-fallthrough -Wsign-compare -Wno-extra -Wno-pedantic -std=c++14 -fPIC   -D _GNU_SOURCE -D _REENTRANT  -DNDEBUG -fno-exceptions -fno-rtti -Wno-covered-switch-default -Wno-frame-address -Wno-strict-aliasing -Wno-switch -Wno-uninitialized -Wno-unused-but-set-variable -Wno-return-type-c-linkage -Wno-cast-qual -Wno-int-to-void-pointer-cast -msse2 -MD -MT runtime/src/CMakeFiles/omp.dir/kmp_settings.cpp.o -MF runtime/src/CMakeFiles/omp.dir/kmp_settings.cpp.o.d -o runtime/src/CMakeFiles/omp.dir/kmp_settings.cpp.o -c /var/tmp/portage/sys-libs/libomp-13.0.1/work/openmp/runtime/src/kmp_settings.cpp
[19/34] /usr/lib/llvm/13/bin/clang++ -m32 -Domp_EXPORTS -I/var/tmp/portage/sys-libs/libomp-13.0.1/work/libomp-13.0.1_build-abi_x86_32.x86/runtime/src -I/var/tmp/portage/sys-libs/libomp-13.0.1/work/openmp/runtime/src -I/var/tmp/portage/sys-libs/libomp-13.0.1/work/openmp/runtime/src/i18n -I/var/tmp/portage/sys-libs/libomp-13.0.1/work/openmp/runtime/src/include -I/var/tmp/portage/sys-libs/libomp-13.0.1/work/openmp/runtime/src/thirdparty/ittnotify  -DNDEBUG -march=native -mtune=native -O2 -pipe -flto=thin -Wall -Wcast-qual -Wformat-pedantic -Wimplicit-fallthrough -Wsign-compare -Wno-extra -Wno-pedantic -std=c++14 -fPIC   -D _GNU_SOURCE -D _REENTRANT  -DNDEBUG -fno-exceptions -fno-rtti -Wno-covered-switch-default -Wno-frame-address -Wno-strict-aliasing -Wno-switch -Wno-uninitialized -Wno-unused-but-set-variable -Wno-return-type-c-linkage -Wno-cast-qual -Wno-int-to-void-pointer-cast -msse2 -MD -MT runtime/src/CMakeFiles/omp.dir/kmp_wait_release.cpp.o -MF runtime/src/CMakeFiles/omp.dir/kmp_wait_release.cpp.o.d -o runtime/src/CMakeFiles/omp.dir/kmp_wait_release.cpp.o -c /var/tmp/portage/sys-libs/libomp-13.0.1/work/openmp/runtime/src/kmp_wait_release.cpp
[20/34] /usr/lib/llvm/13/bin/clang++ -m32 -Domp_EXPORTS -I/var/tmp/portage/sys-libs/libomp-13.0.1/work/libomp-13.0.1_build-abi_x86_32.x86/runtime/src -I/var/tmp/portage/sys-libs/libomp-13.0.1/work/openmp/runtime/src -I/var/tmp/portage/sys-libs/libomp-13.0.1/work/openmp/runtime/src/i18n -I/var/tmp/portage/sys-libs/libomp-13.0.1/work/openmp/runtime/src/include -I/var/tmp/portage/sys-libs/libomp-13.0.1/work/openmp/runtime/src/thirdparty/ittnotify  -DNDEBUG -march=native -mtune=native -O2 -pipe -flto=thin -Wall -Wcast-qual -Wformat-pedantic -Wimplicit-fallthrough -Wsign-compare -Wno-extra -Wno-pedantic -std=c++14 -fPIC   -D _GNU_SOURCE -D _REENTRANT  -DNDEBUG -fno-exceptions -fno-rtti -Wno-covered-switch-default -Wno-frame-address -Wno-strict-aliasing -Wno-switch -Wno-uninitialized -Wno-unused-but-set-variable -Wno-return-type-c-linkage -Wno-cast-qual -Wno-int-to-void-pointer-cast -msse2 -MD -MT runtime/src/CMakeFiles/omp.dir/kmp_barrier.cpp.o -MF runtime/src/CMakeFiles/omp.dir/kmp_barrier.cpp.o.d -o runtime/src/CMakeFiles/omp.dir/kmp_barrier.cpp.o -c /var/tmp/portage/sys-libs/libomp-13.0.1/work/openmp/runtime/src/kmp_barrier.cpp
[21/34] /usr/lib/llvm/13/bin/clang++ -m32 -Domp_EXPORTS -I/var/tmp/portage/sys-libs/libomp-13.0.1/work/libomp-13.0.1_build-abi_x86_32.x86/runtime/src -I/var/tmp/portage/sys-libs/libomp-13.0.1/work/openmp/runtime/src -I/var/tmp/portage/sys-libs/libomp-13.0.1/work/openmp/runtime/src/i18n -I/var/tmp/portage/sys-libs/libomp-13.0.1/work/openmp/runtime/src/include -I/var/tmp/portage/sys-libs/libomp-13.0.1/work/openmp/runtime/src/thirdparty/ittnotify  -DNDEBUG -march=native -mtune=native -O2 -pipe -flto=thin -Wall -Wcast-qual -Wformat-pedantic -Wimplicit-fallthrough -Wsign-compare -Wno-extra -Wno-pedantic -std=c++14 -fPIC   -D _GNU_SOURCE -D _REENTRANT  -DNDEBUG -fno-exceptions -fno-rtti -Wno-covered-switch-default -Wno-frame-address -Wno-strict-aliasing -Wno-switch -Wno-uninitialized -Wno-unused-but-set-variable -Wno-return-type-c-linkage -Wno-cast-qual -Wno-int-to-void-pointer-cast -msse2 -MD -MT runtime/src/CMakeFiles/omp.dir/kmp_affinity.cpp.o -MF runtime/src/CMakeFiles/omp.dir/kmp_affinity.cpp.o.d -o runtime/src/CMakeFiles/omp.dir/kmp_affinity.cpp.o -c /var/tmp/portage/sys-libs/libomp-13.0.1/work/openmp/runtime/src/kmp_affinity.cpp
[22/34] /usr/lib/llvm/13/bin/clang++ -m32 -Domp_EXPORTS -I/var/tmp/portage/sys-libs/libomp-13.0.1/work/libomp-13.0.1_build-abi_x86_32.x86/runtime/src -I/var/tmp/portage/sys-libs/libomp-13.0.1/work/openmp/runtime/src -I/var/tmp/portage/sys-libs/libomp-13.0.1/work/openmp/runtime/src/i18n -I/var/tmp/portage/sys-libs/libomp-13.0.1/work/openmp/runtime/src/include -I/var/tmp/portage/sys-libs/libomp-13.0.1/work/openmp/runtime/src/thirdparty/ittnotify  -DNDEBUG -march=native -mtune=native -O2 -pipe -flto=thin -Wall -Wcast-qual -Wformat-pedantic -Wimplicit-fallthrough -Wsign-compare -Wno-extra -Wno-pedantic -std=c++14 -fPIC   -D _GNU_SOURCE -D _REENTRANT  -DNDEBUG -fno-exceptions -fno-rtti -Wno-covered-switch-default -Wno-frame-address -Wno-strict-aliasing -Wno-switch -Wno-uninitialized -Wno-unused-but-set-variable -Wno-return-type-c-linkage -Wno-cast-qual -Wno-int-to-void-pointer-cast -msse2 -MD -MT runtime/src/CMakeFiles/omp.dir/kmp_dispatch.cpp.o -MF runtime/src/CMakeFiles/omp.dir/kmp_dispatch.cpp.o.d -o runtime/src/CMakeFiles/omp.dir/kmp_dispatch.cpp.o -c /var/tmp/portage/sys-libs/libomp-13.0.1/work/openmp/runtime/src/kmp_dispatch.cpp
[23/34] /usr/lib/llvm/13/bin/clang++ -m32 -Domp_EXPORTS -I/var/tmp/portage/sys-libs/libomp-13.0.1/work/libomp-13.0.1_build-abi_x86_32.x86/runtime/src -I/var/tmp/portage/sys-libs/libomp-13.0.1/work/openmp/runtime/src -I/var/tmp/portage/sys-libs/libomp-13.0.1/work/openmp/runtime/src/i18n -I/var/tmp/portage/sys-libs/libomp-13.0.1/work/openmp/runtime/src/include -I/var/tmp/portage/sys-libs/libomp-13.0.1/work/openmp/runtime/src/thirdparty/ittnotify  -DNDEBUG -march=native -mtune=native -O2 -pipe -flto=thin -Wall -Wcast-qual -Wformat-pedantic -Wimplicit-fallthrough -Wsign-compare -Wno-extra -Wno-pedantic -std=c++14 -fPIC   -D _GNU_SOURCE -D _REENTRANT  -DNDEBUG -fno-exceptions -fno-rtti -Wno-covered-switch-default -Wno-frame-address -Wno-strict-aliasing -Wno-switch -Wno-uninitialized -Wno-unused-but-set-variable -Wno-return-type-c-linkage -Wno-cast-qual -Wno-int-to-void-pointer-cast -msse2 -MD -MT runtime/src/CMakeFiles/omp.dir/kmp_lock.cpp.o -MF runtime/src/CMakeFiles/omp.dir/kmp_lock.cpp.o.d -o runtime/src/CMakeFiles/omp.dir/kmp_lock.cpp.o -c /var/tmp/portage/sys-libs/libomp-13.0.1/work/openmp/runtime/src/kmp_lock.cpp
[24/34] /usr/lib/llvm/13/bin/clang++ -m32 -Domp_EXPORTS -I/var/tmp/portage/sys-libs/libomp-13.0.1/work/libomp-13.0.1_build-abi_x86_32.x86/runtime/src -I/var/tmp/portage/sys-libs/libomp-13.0.1/work/openmp/runtime/src -I/var/tmp/portage/sys-libs/libomp-13.0.1/work/openmp/runtime/src/i18n -I/var/tmp/portage/sys-libs/libomp-13.0.1/work/openmp/runtime/src/include -I/var/tmp/portage/sys-libs/libomp-13.0.1/work/openmp/runtime/src/thirdparty/ittnotify  -DNDEBUG -march=native -mtune=native -O2 -pipe -flto=thin -Wall -Wcast-qual -Wformat-pedantic -Wimplicit-fallthrough -Wsign-compare -Wno-extra -Wno-pedantic -std=c++14 -fPIC   -D _GNU_SOURCE -D _REENTRANT  -DNDEBUG -fno-exceptions -fno-rtti -Wno-covered-switch-default -Wno-frame-address -Wno-strict-aliasing -Wno-switch -Wno-uninitialized -Wno-unused-but-set-variable -Wno-return-type-c-linkage -Wno-cast-qual -Wno-int-to-void-pointer-cast -msse2 -MD -MT runtime/src/CMakeFiles/omp.dir/kmp_sched.cpp.o -MF runtime/src/CMakeFiles/omp.dir/kmp_sched.cpp.o.d -o runtime/src/CMakeFiles/omp.dir/kmp_sched.cpp.o -c /var/tmp/portage/sys-libs/libomp-13.0.1/work/openmp/runtime/src/kmp_sched.cpp
[25/34] /usr/lib/llvm/13/bin/clang++ -m32 -Domp_EXPORTS -I/var/tmp/portage/sys-libs/libomp-13.0.1/work/libomp-13.0.1_build-abi_x86_32.x86/runtime/src -I/var/tmp/portage/sys-libs/libomp-13.0.1/work/openmp/runtime/src -I/var/tmp/portage/sys-libs/libomp-13.0.1/work/openmp/runtime/src/i18n -I/var/tmp/portage/sys-libs/libomp-13.0.1/work/openmp/runtime/src/include -I/var/tmp/portage/sys-libs/libomp-13.0.1/work/openmp/runtime/src/thirdparty/ittnotify  -DNDEBUG -march=native -mtune=native -O2 -pipe -flto=thin -Wall -Wcast-qual -Wformat-pedantic -Wimplicit-fallthrough -Wsign-compare -Wno-extra -Wno-pedantic -std=c++14 -fPIC   -D _GNU_SOURCE -D _REENTRANT  -DNDEBUG -fno-exceptions -fno-rtti -Wno-covered-switch-default -Wno-frame-address -Wno-strict-aliasing -Wno-switch -Wno-uninitialized -Wno-unused-but-set-variable -Wno-return-type-c-linkage -Wno-cast-qual -Wno-int-to-void-pointer-cast -msse2 -MD -MT runtime/src/CMakeFiles/omp.dir/thirdparty/ittnotify/ittnotify_static.cpp.o -MF runtime/src/CMakeFiles/omp.dir/thirdparty/ittnotify/ittnotify_static.cpp.o.d -o runtime/src/CMakeFiles/omp.dir/thirdparty/ittnotify/ittnotify_static.cpp.o -c /var/tmp/portage/sys-libs/libomp-13.0.1/work/openmp/runtime/src/thirdparty/ittnotify/ittnotify_static.cpp
[26/34] /usr/lib/llvm/13/bin/clang++ -m32 -Domp_EXPORTS -I/var/tmp/portage/sys-libs/libomp-13.0.1/work/libomp-13.0.1_build-abi_x86_32.x86/runtime/src -I/var/tmp/portage/sys-libs/libomp-13.0.1/work/openmp/runtime/src -I/var/tmp/portage/sys-libs/libomp-13.0.1/work/openmp/runtime/src/i18n -I/var/tmp/portage/sys-libs/libomp-13.0.1/work/openmp/runtime/src/include -I/var/tmp/portage/sys-libs/libomp-13.0.1/work/openmp/runtime/src/thirdparty/ittnotify  -DNDEBUG -march=native -mtune=native -O2 -pipe -flto=thin -Wall -Wcast-qual -Wformat-pedantic -Wimplicit-fallthrough -Wsign-compare -Wno-extra -Wno-pedantic -std=c++14 -fPIC   -D _GNU_SOURCE -D _REENTRANT  -DNDEBUG -fno-exceptions -fno-rtti -Wno-covered-switch-default -Wno-frame-address -Wno-strict-aliasing -Wno-switch -Wno-uninitialized -Wno-unused-but-set-variable -Wno-return-type-c-linkage -Wno-cast-qual -Wno-int-to-void-pointer-cast -msse2 -MD -MT runtime/src/CMakeFiles/omp.dir/z_Linux_util.cpp.o -MF runtime/src/CMakeFiles/omp.dir/z_Linux_util.cpp.o.d -o runtime/src/CMakeFiles/omp.dir/z_Linux_util.cpp.o -c /var/tmp/portage/sys-libs/libomp-13.0.1/work/openmp/runtime/src/z_Linux_util.cpp
[27/34] /usr/lib/llvm/13/bin/clang++ -m32 -Domp_EXPORTS -I/var/tmp/portage/sys-libs/libomp-13.0.1/work/libomp-13.0.1_build-abi_x86_32.x86/runtime/src -I/var/tmp/portage/sys-libs/libomp-13.0.1/work/openmp/runtime/src -I/var/tmp/portage/sys-libs/libomp-13.0.1/work/openmp/runtime/src/i18n -I/var/tmp/portage/sys-libs/libomp-13.0.1/work/openmp/runtime/src/include -I/var/tmp/portage/sys-libs/libomp-13.0.1/work/openmp/runtime/src/thirdparty/ittnotify  -DNDEBUG -march=native -mtune=native -O2 -pipe -flto=thin -Wall -Wcast-qual -Wformat-pedantic -Wimplicit-fallthrough -Wsign-compare -Wno-extra -Wno-pedantic -std=c++14 -fPIC   -D _GNU_SOURCE -D _REENTRANT  -DNDEBUG -fno-exceptions -fno-rtti -Wno-covered-switch-default -Wno-frame-address -Wno-strict-aliasing -Wno-switch -Wno-uninitialized -Wno-unused-but-set-variable -Wno-return-type-c-linkage -Wno-cast-qual -Wno-int-to-void-pointer-cast -msse2 -MD -MT runtime/src/CMakeFiles/omp.dir/kmp_taskdeps.cpp.o -MF runtime/src/CMakeFiles/omp.dir/kmp_taskdeps.cpp.o.d -o runtime/src/CMakeFiles/omp.dir/kmp_taskdeps.cpp.o -c /var/tmp/portage/sys-libs/libomp-13.0.1/work/openmp/runtime/src/kmp_taskdeps.cpp
[28/34] /usr/lib/llvm/13/bin/clang++ -m32 -Domp_EXPORTS -I/var/tmp/portage/sys-libs/libomp-13.0.1/work/libomp-13.0.1_build-abi_x86_32.x86/runtime/src -I/var/tmp/portage/sys-libs/libomp-13.0.1/work/openmp/runtime/src -I/var/tmp/portage/sys-libs/libomp-13.0.1/work/openmp/runtime/src/i18n -I/var/tmp/portage/sys-libs/libomp-13.0.1/work/openmp/runtime/src/include -I/var/tmp/portage/sys-libs/libomp-13.0.1/work/openmp/runtime/src/thirdparty/ittnotify  -DNDEBUG -march=native -mtune=native -O2 -pipe -flto=thin -Wall -Wcast-qual -Wformat-pedantic -Wimplicit-fallthrough -Wsign-compare -Wno-extra -Wno-pedantic -std=c++14 -fPIC   -D _GNU_SOURCE -D _REENTRANT  -DNDEBUG -fno-exceptions -fno-rtti -Wno-covered-switch-default -Wno-frame-address -Wno-strict-aliasing -Wno-switch -Wno-uninitialized -Wno-unused-but-set-variable -Wno-return-type-c-linkage -Wno-cast-qual -Wno-int-to-void-pointer-cast -msse2 -MD -MT runtime/src/CMakeFiles/omp.dir/kmp_gsupport.cpp.o -MF runtime/src/CMakeFiles/omp.dir/kmp_gsupport.cpp.o.d -o runtime/src/CMakeFiles/omp.dir/kmp_gsupport.cpp.o -c /var/tmp/portage/sys-libs/libomp-13.0.1/work/openmp/runtime/src/kmp_gsupport.cpp
[29/34] /usr/lib/llvm/13/bin/clang++ -m32 -Domp_EXPORTS -I/var/tmp/portage/sys-libs/libomp-13.0.1/work/libomp-13.0.1_build-abi_x86_32.x86/runtime/src -I/var/tmp/portage/sys-libs/libomp-13.0.1/work/openmp/runtime/src -I/var/tmp/portage/sys-libs/libomp-13.0.1/work/openmp/runtime/src/i18n -I/var/tmp/portage/sys-libs/libomp-13.0.1/work/openmp/runtime/src/include -I/var/tmp/portage/sys-libs/libomp-13.0.1/work/openmp/runtime/src/thirdparty/ittnotify  -DNDEBUG -march=native -mtune=native -O2 -pipe -flto=thin -Wall -Wcast-qual -Wformat-pedantic -Wimplicit-fallthrough -Wsign-compare -Wno-extra -Wno-pedantic -std=c++14 -fPIC   -D _GNU_SOURCE -D _REENTRANT  -DNDEBUG -fno-exceptions -fno-rtti -Wno-covered-switch-default -Wno-frame-address -Wno-strict-aliasing -Wno-switch -Wno-uninitialized -Wno-unused-but-set-variable -Wno-return-type-c-linkage -Wno-cast-qual -Wno-int-to-void-pointer-cast -msse2 -MD -MT runtime/src/CMakeFiles/omp.dir/kmp_cancel.cpp.o -MF runtime/src/CMakeFiles/omp.dir/kmp_cancel.cpp.o.d -o runtime/src/CMakeFiles/omp.dir/kmp_cancel.cpp.o -c /var/tmp/portage/sys-libs/libomp-13.0.1/work/openmp/runtime/src/kmp_cancel.cpp
[30/34] /usr/lib/llvm/13/bin/clang -m32 -Domp_EXPORTS -I/var/tmp/portage/sys-libs/libomp-13.0.1/work/libomp-13.0.1_build-abi_x86_32.x86/runtime/src -I/var/tmp/portage/sys-libs/libomp-13.0.1/work/openmp/runtime/src -I/var/tmp/portage/sys-libs/libomp-13.0.1/work/openmp/runtime/src/i18n -I/var/tmp/portage/sys-libs/libomp-13.0.1/work/openmp/runtime/src/include -I/var/tmp/portage/sys-libs/libomp-13.0.1/work/openmp/runtime/src/thirdparty/ittnotify  -DNDEBUG -march=native -mtune=native -O2 -pipe -flto=thin -Wall -Wcast-qual -Wformat-pedantic -Wimplicit-fallthrough -Wsign-compare -Wno-extra -Wno-pedantic -fPIC   -D _GNU_SOURCE -D _REENTRANT  -DNDEBUG -x assembler-with-cpp -MD -MT runtime/src/CMakeFiles/omp.dir/z_Linux_asm.S.o -MF runtime/src/CMakeFiles/omp.dir/z_Linux_asm.S.o.d -o runtime/src/CMakeFiles/omp.dir/z_Linux_asm.S.o -c /var/tmp/portage/sys-libs/libomp-13.0.1/work/openmp/runtime/src/z_Linux_asm.S
[31/34] /usr/lib/llvm/13/bin/clang++ -m32 -Domp_EXPORTS -I/var/tmp/portage/sys-libs/libomp-13.0.1/work/libomp-13.0.1_build-abi_x86_32.x86/runtime/src -I/var/tmp/portage/sys-libs/libomp-13.0.1/work/openmp/runtime/src -I/var/tmp/portage/sys-libs/libomp-13.0.1/work/openmp/runtime/src/i18n -I/var/tmp/portage/sys-libs/libomp-13.0.1/work/openmp/runtime/src/include -I/var/tmp/portage/sys-libs/libomp-13.0.1/work/openmp/runtime/src/thirdparty/ittnotify  -DNDEBUG -march=native -mtune=native -O2 -pipe -flto=thin -Wall -Wcast-qual -Wformat-pedantic -Wimplicit-fallthrough -Wsign-compare -Wno-extra -Wno-pedantic -std=c++14 -fPIC   -D _GNU_SOURCE -D _REENTRANT  -DNDEBUG -fno-exceptions -fno-rtti -Wno-covered-switch-default -Wno-frame-address -Wno-strict-aliasing -Wno-switch -Wno-uninitialized -Wno-unused-but-set-variable -Wno-return-type-c-linkage -Wno-cast-qual -Wno-int-to-void-pointer-cast -msse2 -MD -MT runtime/src/CMakeFiles/omp.dir/kmp_ftn_cdecl.cpp.o -MF runtime/src/CMakeFiles/omp.dir/kmp_ftn_cdecl.cpp.o.d -o runtime/src/CMakeFiles/omp.dir/kmp_ftn_cdecl.cpp.o -c /var/tmp/portage/sys-libs/libomp-13.0.1/work/openmp/runtime/src/kmp_ftn_cdecl.cpp
[32/34] /usr/lib/llvm/13/bin/clang++ -m32 -Domp_EXPORTS -I/var/tmp/portage/sys-libs/libomp-13.0.1/work/libomp-13.0.1_build-abi_x86_32.x86/runtime/src -I/var/tmp/portage/sys-libs/libomp-13.0.1/work/openmp/runtime/src -I/var/tmp/portage/sys-libs/libomp-13.0.1/work/openmp/runtime/src/i18n -I/var/tmp/portage/sys-libs/libomp-13.0.1/work/openmp/runtime/src/include -I/var/tmp/portage/sys-libs/libomp-13.0.1/work/openmp/runtime/src/thirdparty/ittnotify  -DNDEBUG -march=native -mtune=native -O2 -pipe -flto=thin -Wall -Wcast-qual -Wformat-pedantic -Wimplicit-fallthrough -Wsign-compare -Wno-extra -Wno-pedantic -std=c++14 -fPIC   -D _GNU_SOURCE -D _REENTRANT  -DNDEBUG -fno-exceptions -fno-rtti -Wno-covered-switch-default -Wno-frame-address -Wno-strict-aliasing -Wno-switch -Wno-uninitialized -Wno-unused-but-set-variable -Wno-return-type-c-linkage -Wno-cast-qual -Wno-int-to-void-pointer-cast -msse2 -MD -MT runtime/src/CMakeFiles/omp.dir/kmp_version.cpp.o -MF runtime/src/CMakeFiles/omp.dir/kmp_version.cpp.o.d -o runtime/src/CMakeFiles/omp.dir/kmp_version.cpp.o -c /var/tmp/portage/sys-libs/libomp-13.0.1/work/openmp/runtime/src/kmp_version.cpp
[33/34] /usr/lib/llvm/13/bin/clang++ -m32 -Domp_EXPORTS -I/var/tmp/portage/sys-libs/libomp-13.0.1/work/libomp-13.0.1_build-abi_x86_32.x86/runtime/src -I/var/tmp/portage/sys-libs/libomp-13.0.1/work/openmp/runtime/src -I/var/tmp/portage/sys-libs/libomp-13.0.1/work/openmp/runtime/src/i18n -I/var/tmp/portage/sys-libs/libomp-13.0.1/work/openmp/runtime/src/include -I/var/tmp/portage/sys-libs/libomp-13.0.1/work/openmp/runtime/src/thirdparty/ittnotify  -DNDEBUG -march=native -mtune=native -O2 -pipe -flto=thin -Wall -Wcast-qual -Wformat-pedantic -Wimplicit-fallthrough -Wsign-compare -Wno-extra -Wno-pedantic -std=c++14 -fPIC   -D _GNU_SOURCE -D _REENTRANT  -DNDEBUG -fno-exceptions -fno-rtti -Wno-covered-switch-default -Wno-frame-address -Wno-strict-aliasing -Wno-switch -Wno-uninitialized -Wno-unused-but-set-variable -Wno-return-type-c-linkage -Wno-cast-qual -Wno-int-to-void-pointer-cast -msse2 -MD -MT runtime/src/CMakeFiles/omp.dir/kmp_ftn_extra.cpp.o -MF runtime/src/CMakeFiles/omp.dir/kmp_ftn_extra.cpp.o.d -o runtime/src/CMakeFiles/omp.dir/kmp_ftn_extra.cpp.o -c /var/tmp/portage/sys-libs/libomp-13.0.1/work/openmp/runtime/src/kmp_ftn_extra.cpp
[34/34] : && /usr/lib/llvm/13/bin/clang -m32 -fPIC -march=native -mtune=native -O2 -pipe -flto=thin -Wall -Wcast-qual -Wformat-pedantic -Wimplicit-fallthrough -Wsign-compare -Wno-extra -Wno-pedantic  -fuse-ld=lld -rtlib=compiler-rt -unwindlib=libunwind -Wl,-O2 -Wl,--as-needed -Wl,-z,relro,-z,now  -Wl,--warn-shared-textrel -Wl,--as-needed -Wl,--version-script=/var/tmp/portage/sys-libs/libomp-13.0.1/work/openmp/runtime/src/exports_so.txt -static-libgcc -Wl,-z,noexecstack -msse2 -shared -Wl,-soname,libomp.so -o runtime/src/libomp.so runtime/src/CMakeFiles/omp.dir/kmp_alloc.cpp.o runtime/src/CMakeFiles/omp.dir/kmp_atomic.cpp.o runtime/src/CMakeFiles/omp.dir/kmp_csupport.cpp.o runtime/src/CMakeFiles/omp.dir/kmp_debug.cpp.o runtime/src/CMakeFiles/omp.dir/kmp_itt.cpp.o runtime/src/CMakeFiles/omp.dir/kmp_environment.cpp.o runtime/src/CMakeFiles/omp.dir/kmp_error.cpp.o runtime/src/CMakeFiles/omp.dir/kmp_global.cpp.o runtime/src/CMakeFiles/omp.dir/kmp_i18n.cpp.o runtime/src/CMakeFiles/omp.dir/kmp_io.cpp.o runtime/src/CMakeFiles/omp.dir/kmp_runtime.cpp.o runtime/src/CMakeFiles/omp.dir/kmp_settings.cpp.o runtime/src/CMakeFiles/omp.dir/kmp_str.cpp.o runtime/src/CMakeFiles/omp.dir/kmp_tasking.cpp.o runtime/src/CMakeFiles/omp.dir/kmp_threadprivate.cpp.o runtime/src/CMakeFiles/omp.dir/kmp_utility.cpp.o runtime/src/CMakeFiles/omp.dir/kmp_barrier.cpp.o runtime/src/CMakeFiles/omp.dir/kmp_wait_release.cpp.o runtime/src/CMakeFiles/omp.dir/kmp_affinity.cpp.o runtime/src/CMakeFiles/omp.dir/kmp_dispatch.cpp.o runtime/src/CMakeFiles/omp.dir/kmp_lock.cpp.o runtime/src/CMakeFiles/omp.dir/kmp_sched.cpp.o runtime/src/CMakeFiles/omp.dir/z_Linux_util.cpp.o runtime/src/CMakeFiles/omp.dir/kmp_gsupport.cpp.o runtime/src/CMakeFiles/omp.dir/thirdparty/ittnotify/ittnotify_static.cpp.o runtime/src/CMakeFiles/omp.dir/kmp_taskdeps.cpp.o runtime/src/CMakeFiles/omp.dir/kmp_cancel.cpp.o runtime/src/CMakeFiles/omp.dir/kmp_ftn_cdecl.cpp.o runtime/src/CMakeFiles/omp.dir/kmp_ftn_extra.cpp.o runtime/src/CMakeFiles/omp.dir/kmp_version.cpp.o runtime/src/CMakeFiles/omp.dir/z_Linux_asm.S.o  -ldl && cd /var/tmp/portage/sys-libs/libomp-13.0.1/work/libomp-13.0.1_build-abi_x86_32.x86/runtime/src && /usr/bin/cmake -E create_symlink libomp.so libgomp.so && /usr/bin/cmake -E create_symlink libomp.so libiomp5.so
FAILED: runtime/src/libomp.so 
: && /usr/lib/llvm/13/bin/clang -m32 -fPIC -march=native -mtune=native -O2 -pipe -flto=thin -Wall -Wcast-qual -Wformat-pedantic -Wimplicit-fallthrough -Wsign-compare -Wno-extra -Wno-pedantic  -fuse-ld=lld -rtlib=compiler-rt -unwindlib=libunwind -Wl,-O2 -Wl,--as-needed -Wl,-z,relro,-z,now  -Wl,--warn-shared-textrel -Wl,--as-needed -Wl,--version-script=/var/tmp/portage/sys-libs/libomp-13.0.1/work/openmp/runtime/src/exports_so.txt -static-libgcc -Wl,-z,noexecstack -msse2 -shared -Wl,-soname,libomp.so -o runtime/src/libomp.so runtime/src/CMakeFiles/omp.dir/kmp_alloc.cpp.o runtime/src/CMakeFiles/omp.dir/kmp_atomic.cpp.o runtime/src/CMakeFiles/omp.dir/kmp_csupport.cpp.o runtime/src/CMakeFiles/omp.dir/kmp_debug.cpp.o runtime/src/CMakeFiles/omp.dir/kmp_itt.cpp.o runtime/src/CMakeFiles/omp.dir/kmp_environment.cpp.o runtime/src/CMakeFiles/omp.dir/kmp_error.cpp.o runtime/src/CMakeFiles/omp.dir/kmp_global.cpp.o runtime/src/CMakeFiles/omp.dir/kmp_i18n.cpp.o runtime/src/CMakeFiles/omp.dir/kmp_io.cpp.o runtime/src/CMakeFiles/omp.dir/kmp_runtime.cpp.o runtime/src/CMakeFiles/omp.dir/kmp_settings.cpp.o runtime/src/CMakeFiles/omp.dir/kmp_str.cpp.o runtime/src/CMakeFiles/omp.dir/kmp_tasking.cpp.o runtime/src/CMakeFiles/omp.dir/kmp_threadprivate.cpp.o runtime/src/CMakeFiles/omp.dir/kmp_utility.cpp.o runtime/src/CMakeFiles/omp.dir/kmp_barrier.cpp.o runtime/src/CMakeFiles/omp.dir/kmp_wait_release.cpp.o runtime/src/CMakeFiles/omp.dir/kmp_affinity.cpp.o runtime/src/CMakeFiles/omp.dir/kmp_dispatch.cpp.o runtime/src/CMakeFiles/omp.dir/kmp_lock.cpp.o runtime/src/CMakeFiles/omp.dir/kmp_sched.cpp.o runtime/src/CMakeFiles/omp.dir/z_Linux_util.cpp.o runtime/src/CMakeFiles/omp.dir/kmp_gsupport.cpp.o runtime/src/CMakeFiles/omp.dir/thirdparty/ittnotify/ittnotify_static.cpp.o runtime/src/CMakeFiles/omp.dir/kmp_taskdeps.cpp.o runtime/src/CMakeFiles/omp.dir/kmp_cancel.cpp.o runtime/src/CMakeFiles/omp.dir/kmp_ftn_cdecl.cpp.o runtime/src/CMakeFiles/omp.dir/kmp_ftn_extra.cpp.o runtime/src/CMakeFiles/omp.dir/kmp_version.cpp.o runtime/src/CMakeFiles/omp.dir/z_Linux_asm.S.o  -ldl && cd /var/tmp/portage/sys-libs/libomp-13.0.1/work/libomp-13.0.1_build-abi_x86_32.x86/runtime/src && /usr/bin/cmake -E create_symlink libomp.so libgomp.so && /usr/bin/cmake -E create_symlink libomp.so libiomp5.so
ld.lld: error: Invalid value (Producer: 'LLVM13.0.0' Reader: 'LLVM 12.0.1')
ld.lld: error: Invalid value (Producer: 'LLVM13.0.0' Reader: 'LLVM 12.0.1')
ld.lld: error: Invalid record (Producer: 'LLVM13.0.0' Reader: 'LLVM 12.0.1')
ld.lld: error: Invalid record (Producer: 'LLVM13.0.0' Reader: 'LLVM 12.0.1')
ld.lld: error: Invalid value (Producer: 'LLVM13.0.0' Reader: 'LLVM 12.0.1')
ld.lld: error: Invalid record (Producer: 'LLVM13.0.0' Reader: 'LLVM 12.0.1')
ld.lld: error: Invalid record (Producer: 'LLVM13.0.0' Reader: 'LLVM 12.0.1')
ld.lld: error: Invalid value (Producer: 'LLVM13.0.0' Reader: 'LLVM 12.0.1')
ld.lld: error: Invalid record (Producer: 'LLVM13.0.0' Reader: 'LLVM 12.0.1')
ld.lld: error: Invalid record (Producer: 'LLVM13.0.0' Reader: 'LLVM 12.0.1')
ld.lld: error: Invalid value (Producer: 'LLVM13.0.0' Reader: 'LLVM 12.0.1')
ld.lld: error: Invalid value (Producer: 'LLVM13.0.0' Reader: 'LLVM 12.0.1')
ld.lld: error: Invalid value (Producer: 'LLVM13.0.0' Reader: 'LLVM 12.0.1')
ld.lld: error: Invalid record (Producer: 'LLVM13.0.0' Reader: 'LLVM 12.0.1')
ld.lld: error: Invalid record (Producer: 'LLVM13.0.0' Reader: 'LLVM 12.0.1')
ld.lld: error: Invalid value (Producer: 'LLVM13.0.0' Reader: 'LLVM 12.0.1')
ld.lld: error: Invalid record (Producer: 'LLVM13.0.0' Reader: 'LLVM 12.0.1')
ld.lld: error: Invalid value (Producer: 'LLVM13.0.0' Reader: 'LLVM 12.0.1')
ld.lld: error: Invalid value (Producer: 'LLVM13.0.0' Reader: 'LLVM 12.0.1')
ld.lld: error: Invalid value (Producer: 'LLVM13.0.0' Reader: 'LLVM 12.0.1')
ld.lld: error: too many errors emitted, stopping now (use -error-limit=0 to see all errors)
clang-13: error: linker command failed with exit code 1 (use -v to see invocation)
ninja: build stopped: subcommand failed.
 [31;01m*[0m ERROR: sys-libs/libomp-13.0.1::gentoo failed (compile phase):
 [31;01m*[0m   ninja -v -j4 -l0 failed
 [31;01m*[0m 
 [31;01m*[0m Call stack:
 [31;01m*[0m     ebuild.sh, line  127:  Called src_compile
 [31;01m*[0m   environment, line 4331:  Called cmake-multilib_src_compile
 [31;01m*[0m   environment, line 1428:  Called multilib-minimal_src_compile
 [31;01m*[0m   environment, line 3203:  Called multilib_foreach_abi 'multilib-minimal_abi_src_compile'
 [31;01m*[0m   environment, line 3470:  Called multibuild_foreach_variant '_multilib_multibuild_wrapper' 'multilib-minimal_abi_src_compile'
 [31;01m*[0m   environment, line 3163:  Called _multibuild_run '_multilib_multibuild_wrapper' 'multilib-minimal_abi_src_compile'
 [31;01m*[0m   environment, line 3161:  Called _multilib_multibuild_wrapper 'multilib-minimal_abi_src_compile'
 [31;01m*[0m   environment, line  586:  Called multilib-minimal_abi_src_compile
 [31;01m*[0m   environment, line 3197:  Called multilib_src_compile
 [31;01m*[0m   environment, line 3682:  Called cmake_src_compile
 [31;01m*[0m   environment, line 1539:  Called cmake_build
 [31;01m*[0m   environment, line 1508:  Called eninja
 [31;01m*[0m   environment, line 2028:  Called die
 [31;01m*[0m The specific snippet of code:
 [31;01m*[0m       "$@" || die "${nonfatal_args[@]}" "${*} failed"
 [31;01m*[0m 
 [31;01m*[0m If you need support, post the output of `emerge --info '=sys-libs/libomp-13.0.1::gentoo'`,
 [31;01m*[0m the complete build log and the output of `emerge -pqv '=sys-libs/libomp-13.0.1::gentoo'`.
 [31;01m*[0m The complete build log is located at '/var/tmp/portage/sys-libs/libomp-13.0.1/temp/build.log'.
 [31;01m*[0m The ebuild environment file is located at '/var/tmp/portage/sys-libs/libomp-13.0.1/temp/environment'.
 [31;01m*[0m Working directory: '/var/tmp/portage/sys-libs/libomp-13.0.1/work/libomp-13.0.1_build-abi_x86_32.x86'
 [31;01m*[0m S: '/var/tmp/portage/sys-libs/libomp-13.0.1/work/openmp'
